# JRE version: OpenJDK Runtime Environment (8.0_152-b01) (build 1.8.0_152-release-915-b01)
# Java VM: OpenJDK 64-Bit Server VM (25.152-b01 mixed mode linux-amd64 compressed oops)
Heap:
 PSYoungGen      total 243712K, used 238424K [0x00000000e0000000, 0x00000000f5780000, 0x0000000100000000)
  eden space 214528K, 100% used [0x00000000e0000000,0x00000000ed180000,0x00000000ed180000)
  from space 29184K, 81% used [0x00000000ed180000,0x00000000ee8d6130,0x00000000eee00000)
  to   space 31232K, 70% used [0x00000000f3900000,0x00000000f4e66ec0,0x00000000f5780000)
 ParOldGen       total 155648K, used 82145K [0x00000000a0000000, 0x00000000a9800000, 0x00000000e0000000)
  object space 155648K, 52% used [0x00000000a0000000,0x00000000a5038758,0x00000000a9800000)
 Metaspace       used 53652K, capacity 55076K, committed 55384K, reserved 1097728K
  class space    used 6118K, capacity 6416K, committed 6528K, reserved 1048576K
GC Heap History (10 events):
Event: 6,650 GC heap after
Heap after GC invocations=12 (full 2):
 PSYoungGen      total 173056K, used 18909K [0x00000000e0000000, 0x00000000ec800000, 0x0000000100000000)
  eden space 149504K, 0% used [0x00000000e0000000,0x00000000e0000000,0x00000000e9200000)
  from space 23552K, 80% used [0x00000000eaa00000,0x00000000ebc77540,0x00000000ec100000)
  to   space 24576K, 0% used [0x00000000e9200000,0x00000000e9200000,0x00000000eaa00000)
 ParOldGen       total 190976K, used 161226K [0x00000000a0000000, 0x00000000aba80000, 0x00000000e0000000)
  object space 190976K, 84% used [0x00000000a0000000,0x00000000a9d72bc8,0x00000000aba80000)
 Metaspace       used 39584K, capacity 40286K, committed 40664K, reserved 1085440K
  class space    used 4936K, capacity 5099K, committed 5120K, reserved 1048576K
}
Event: 9,004 GC heap before
{Heap before GC invocations=13 (full 2):
 PSYoungGen      total 173056K, used 168413K [0x00000000e0000000, 0x00000000ec800000, 0x0000000100000000)
  eden space 149504K, 100% used [0x00000000e0000000,0x00000000e9200000,0x00000000e9200000)
  from space 23552K, 80% used [0x00000000eaa00000,0x00000000ebc77540,0x00000000ec100000)
  to   space 24576K, 0% used [0x00000000e9200000,0x00000000e9200000,0x00000000eaa00000)
 ParOldGen       total 190976K, used 161226K [0x00000000a0000000, 0x00000000aba80000, 0x00000000e0000000)
  object space 190976K, 84% used [0x00000000a0000000,0x00000000a9d72bc8,0x00000000aba80000)
 Metaspace       used 43002K, capacity 43788K, committed 43992K, reserved 1087488K
  class space    used 5213K, capacity 5362K, committed 5376K, reserved 1048576K
Event: 9,046 GC heap after
Heap after GC invocations=13 (full 2):
 PSYoungGen      total 174080K, used 12947K [0x00000000e0000000, 0x00000000f0a80000, 0x0000000100000000)
  eden space 149504K, 0% used [0x00000000e0000000,0x00000000e0000000,0x00000000e9200000)
  from space 24576K, 52% used [0x00000000e9200000,0x00000000e9ea4e78,0x00000000eaa00000)
  to   space 23552K, 0% used [0x00000000ef380000,0x00000000ef380000,0x00000000f0a80000)
 ParOldGen       total 190976K, used 169438K [0x00000000a0000000, 0x00000000aba80000, 0x00000000e0000000)
  object space 190976K, 88% used [0x00000000a0000000,0x00000000aa577a00,0x00000000aba80000)
 Metaspace       used 43002K, capacity 43788K, committed 43992K, reserved 1087488K
  class space    used 5213K, capacity 5362K, committed 5376K, reserved 1048576K
}
Event: 9,046 GC heap before
{Heap before GC invocations=14 (full 3):
 PSYoungGen      total 174080K, used 12947K [0x00000000e0000000, 0x00000000f0a80000, 0x0000000100000000)
  eden space 149504K, 0% used [0x00000000e0000000,0x00000000e0000000,0x00000000e9200000)
  from space 24576K, 52% used [0x00000000e9200000,0x00000000e9ea4e78,0x00000000eaa00000)
  to   space 23552K, 0% used [0x00000000ef380000,0x00000000ef380000,0x00000000f0a80000)
 ParOldGen       total 190976K, used 169438K [0x00000000a0000000, 0x00000000aba80000, 0x00000000e0000000)
  object space 190976K, 88% used [0x00000000a0000000,0x00000000aa577a00,0x00000000aba80000)
 Metaspace       used 43002K, capacity 43788K, committed 43992K, reserved 1087488K
  class space    used 5213K, capacity 5362K, committed 5376K, reserved 1048576K
Event: 9,640 GC heap after
Heap after GC invocations=14 (full 3):
 PSYoungGen      total 174080K, used 0K [0x00000000e0000000, 0x00000000f0a80000, 0x0000000100000000)
  eden space 149504K, 0% used [0x00000000e0000000,0x00000000e0000000,0x00000000e9200000)
  from space 24576K, 0% used [0x00000000e9200000,0x00000000e9200000,0x00000000eaa00000)
  to   space 23552K, 0% used [0x00000000ef380000,0x00000000ef380000,0x00000000f0a80000)
 ParOldGen       total 155648K, used 44282K [0x00000000a0000000, 0x00000000a9800000, 0x00000000e0000000)
  object space 155648K, 28% used [0x00000000a0000000,0x00000000a2b3ebf0,0x00000000a9800000)
 Metaspace       used 43002K, capacity 43788K, committed 43992K, reserved 1087488K
  class space    used 5213K, capacity 5362K, committed 5376K, reserved 1048576K
}
Event: 36,180 GC heap before
{Heap before GC invocations=15 (full 3):
 PSYoungGen      total 174080K, used 149504K [0x00000000e0000000, 0x00000000f0a80000, 0x0000000100000000)
  eden space 149504K, 100% used [0x00000000e0000000,0x00000000e9200000,0x00000000e9200000)
  from space 24576K, 0% used [0x00000000e9200000,0x00000000e9200000,0x00000000eaa00000)
  to   space 23552K, 0% used [0x00000000ef380000,0x00000000ef380000,0x00000000f0a80000)
 ParOldGen       total 155648K, used 44282K [0x00000000a0000000, 0x00000000a9800000, 0x00000000e0000000)
  object space 155648K, 28% used [0x00000000a0000000,0x00000000a2b3ebf0,0x00000000a9800000)
 Metaspace       used 44666K, capacity 45610K, committed 45784K, reserved 1089536K
  class space    used 5344K, capacity 5555K, committed 5632K, reserved 1048576K
Event: 36,252 GC heap after
Heap after GC invocations=15 (full 3):
 PSYoungGen      total 234496K, used 23535K [0x00000000e0000000, 0x00000000f0a80000, 0x0000000100000000)
  eden space 210944K, 0% used [0x00000000e0000000,0x00000000e0000000,0x00000000ece00000)
  from space 23552K, 99% used [0x00000000ef380000,0x00000000f0a7be60,0x00000000f0a80000)
  to   space 29184K, 0% used [0x00000000ed180000,0x00000000ed180000,0x00000000eee00000)
 ParOldGen       total 155648K, used 52512K [0x00000000a0000000, 0x00000000a9800000, 0x00000000e0000000)
  object space 155648K, 33% used [0x00000000a0000000,0x00000000a33481e8,0x00000000a9800000)
 Metaspace       used 44666K, capacity 45610K, committed 45784K, reserved 1089536K
  class space    used 5344K, capacity 5555K, committed 5632K, reserved 1048576K
}
Event: 389,037 GC heap before
{Heap before GC invocations=16 (full 3):
 PSYoungGen      total 234496K, used 234479K [0x00000000e0000000, 0x00000000f0a80000, 0x0000000100000000)
  eden space 210944K, 100% used [0x00000000e0000000,0x00000000ece00000,0x00000000ece00000)
  from space 23552K, 99% used [0x00000000ef380000,0x00000000f0a7be60,0x00000000f0a80000)
  to   space 29184K, 0% used [0x00000000ed180000,0x00000000ed180000,0x00000000eee00000)
 ParOldGen       total 155648K, used 52512K [0x00000000a0000000, 0x00000000a9800000, 0x00000000e0000000)
  object space 155648K, 33% used [0x00000000a0000000,0x00000000a33481e8,0x00000000a9800000)
 Metaspace       used 52466K, capacity 53640K, committed 53848K, reserved 1097728K
  class space    used 6013K, capacity 6264K, committed 6272K, reserved 1048576K
Event: 389,169 GC heap after
Heap after GC invocations=16 (full 3):
 PSYoungGen      total 243712K, used 23896K [0x00000000e0000000, 0x00000000f5780000, 0x0000000100000000)
  eden space 214528K, 0% used [0x00000000e0000000,0x00000000e0000000,0x00000000ed180000)
  from space 29184K, 81% used [0x00000000ed180000,0x00000000ee8d6130,0x00000000eee00000)
  to   space 31232K, 0% used [0x00000000f3900000,0x00000000f3900000,0x00000000f5780000)
 ParOldGen       total 155648K, used 75637K [0x00000000a0000000, 0x00000000a9800000, 0x00000000e0000000)
  object space 155648K, 48% used [0x00000000a0000000,0x00000000a49dd568,0x00000000a9800000)
 Metaspace       used 52466K, capacity 53640K, committed 53848K, reserved 1097728K
  class space    used 6013K, capacity 6264K, committed 6272K, reserved 1048576K
}
Event: 689,902 GC heap before
{Heap before GC invocations=17 (full 3):
 PSYoungGen      total 243712K, used 238424K [0x00000000e0000000, 0x00000000f5780000, 0x0000000100000000)
  eden space 214528K, 100% used [0x00000000e0000000,0x00000000ed180000,0x00000000ed180000)
  from space 29184K, 81% used [0x00000000ed180000,0x00000000ee8d6130,0x00000000eee00000)
  to   space 31232K, 0% used [0x00000000f3900000,0x00000000f3900000,0x00000000f5780000)
 ParOldGen       total 155648K, used 75637K [0x00000000a0000000, 0x00000000a9800000, 0x00000000e0000000)
  object space 155648K, 48% used [0x00000000a0000000,0x00000000a49dd568,0x00000000a9800000)
 Metaspace       used 53652K, capacity 55076K, committed 55384K, reserved 1097728K
  class space    used 6118K, capacity 6416K, committed 6528K, reserved 1048576K

